<?xml version="1.0" encoding="UTF-8"?>
<testng-results skipped="0" failed="0" total="1" passed="1">
  <reporter-output>
  </reporter-output>
  <suite name="com.stock.nasdaq.NasdaqTest" duration-ms="46178" started-at="2019-02-26T09:14:46Z" finished-at="2019-02-26T09:15:32Z">
    <groups>
    </groups>
    <test name="Command line test" duration-ms="46178" started-at="2019-02-26T09:14:46Z" finished-at="2019-02-26T09:15:32Z">
      <class name="com.stock.nasdaq.NasdaqTest">
        <test-method status="PASS" signature="setup()[pri:0, instance:com.stock.nasdaq.NasdaqTest@19b4d0f]" name="setup" is-config="true" duration-ms="20970" started-at="2019-02-26T14:44:46Z" finished-at="2019-02-26T14:45:07Z">
          <reporter-output>
          </reporter-output>
        </test-method> <!-- setup -->
        <test-method status="PASS" signature="testcase_1()[pri:0, instance:com.stock.nasdaq.NasdaqTest@19b4d0f]" name="testcase_1" duration-ms="19895" started-at="2019-02-26T14:45:07Z" finished-at="2019-02-26T14:45:27Z">
          <reporter-output>
          </reporter-output>
        </test-method> <!-- testcase_1 -->
        <test-method status="PASS" signature="tearDown()[pri:0, instance:com.stock.nasdaq.NasdaqTest@19b4d0f]" name="tearDown" is-config="true" duration-ms="5302" started-at="2019-02-26T14:45:27Z" finished-at="2019-02-26T14:45:32Z">
          <reporter-output>
          </reporter-output>
        </test-method> <!-- tearDown -->
      </class> <!-- com.stock.nasdaq.NasdaqTest -->
    </test> <!-- Command line test -->
  </suite> <!-- com.stock.nasdaq.NasdaqTest -->
</testng-results>
