<?xml version="1.0" encoding="UTF-8"?>
<testng-results skipped="0" failed="0" ignored="0" total="1" passed="1">
  <reporter-output>
  </reporter-output>
  <suite name="Suite" duration-ms="79367" started-at="2019-09-04T09:39:58Z" finished-at="2019-09-04T09:41:18Z">
    <groups>
    </groups>
    <test name="Test" duration-ms="79367" started-at="2019-09-04T09:39:58Z" finished-at="2019-09-04T09:41:18Z">
      <class name="com.stock.nasdaq.NasdaqTest">
        <test-method status="PASS" signature="setup()[pri:0, instance:com.stock.nasdaq.NasdaqTest@57baeedf]" name="setup" is-config="true" duration-ms="39491" started-at="2019-09-04T09:39:58Z" finished-at="2019-09-04T09:40:38Z">
          <reporter-output>
          </reporter-output>
        </test-method> <!-- setup -->
        <test-method status="PASS" signature="testcase_1()[pri:0, instance:com.stock.nasdaq.NasdaqTest@57baeedf]" name="testcase_1" duration-ms="33545" started-at="2019-09-04T09:40:38Z" finished-at="2019-09-04T09:41:11Z">
          <reporter-output>
          </reporter-output>
        </test-method> <!-- testcase_1 -->
        <test-method status="PASS" signature="tearDown()[pri:0, instance:com.stock.nasdaq.NasdaqTest@57baeedf]" name="tearDown" is-config="true" duration-ms="6313" started-at="2019-09-04T09:41:11Z" finished-at="2019-09-04T09:41:18Z">
          <reporter-output>
          </reporter-output>
        </test-method> <!-- tearDown -->
      </class> <!-- com.stock.nasdaq.NasdaqTest -->
    </test> <!-- Test -->
  </suite> <!-- Suite -->
</testng-results>
